<?xml version="1.0" encoding="UTF-8"?>
<testsuite xmlns:xsi="http://www.w3.org/2001/XMLSchema-instance" xsi:noNamespaceSchemaLocation="https://maven.apache.org/surefire/maven-surefire-plugin/xsd/surefire-test-report-3.0.xsd" version="3.0" name="com.ayash7.online_nurse_appointment_system.Repository.CustomerRepositoryTests" time="3.651" tests="2" errors="0" skipped="0" failures="0">
  <properties>
    <property name="java.specification.version" value="17"/>
    <property name="sun.jnu.encoding" value="UTF-8"/>
    <property name="java.class.path" value="/Users/ayaskang/Documents/Spring_Boot_Workspace/online_nurse_appointment_system/target/test-classes:/Users/ayaskang/Documents/Spring_Boot_Workspace/online_nurse_appointment_system/target/classes:/Users/ayaskang/.m2/repository/org/springframework/boot/spring-boot-starter/3.2.0-SNAPSHOT/spring-boot-starter-3.2.0-SNAPSHOT.jar:/Users/ayaskang/.m2/repository/org/springframework/boot/spring-boot/3.2.0-SNAPSHOT/spring-boot-3.2.0-SNAPSHOT.jar:/Users/ayaskang/.m2/repository/org/springframework/spring-context/6.1.0-M4/spring-context-6.1.0-M4.jar:/Users/ayaskang/.m2/repository/org/springframework/boot/spring-boot-autoconfigure/3.2.0-SNAPSHOT/spring-boot-autoconfigure-3.2.0-SNAPSHOT.jar:/Users/ayaskang/.m2/repository/org/springframework/boot/spring-boot-starter-logging/3.2.0-SNAPSHOT/spring-boot-starter-logging-3.2.0-SNAPSHOT.jar:/Users/ayaskang/.m2/repository/ch/qos/logback/logback-classic/1.4.11/logback-classic-1.4.11.jar:/Users/ayaskang/.m2/repository/ch/qos/logback/logback-core/1.4.11/logback-core-1.4.11.jar:/Users/ayaskang/.m2/repository/org/apache/logging/log4j/log4j-to-slf4j/2.20.0/log4j-to-slf4j-2.20.0.jar:/Users/ayaskang/.m2/repository/org/apache/logging/log4j/log4j-api/2.20.0/log4j-api-2.20.0.jar:/Users/ayaskang/.m2/repository/org/slf4j/jul-to-slf4j/2.0.7/jul-to-slf4j-2.0.7.jar:/Users/ayaskang/.m2/repository/jakarta/annotation/jakarta.annotation-api/2.1.1/jakarta.annotation-api-2.1.1.jar:/Users/ayaskang/.m2/repository/org/springframework/spring-core/6.1.0-M4/spring-core-6.1.0-M4.jar:/Users/ayaskang/.m2/repository/org/springframework/spring-jcl/6.1.0-M4/spring-jcl-6.1.0-M4.jar:/Users/ayaskang/.m2/repository/org/yaml/snakeyaml/2.1/snakeyaml-2.1.jar:/Users/ayaskang/.m2/repository/org/springframework/boot/spring-boot-starter-actuator/3.2.0-SNAPSHOT/spring-boot-starter-actuator-3.2.0-SNAPSHOT.jar:/Users/ayaskang/.m2/repository/org/springframework/boot/spring-boot-actuator-autoconfigure/3.2.0-SNAPSHOT/spring-boot-actuator-autoconfigure-3.2.0-SNAPSHOT.jar:/Users/ayaskang/.m2/repository/org/springframework/boot/spring-boot-actuator/3.2.0-SNAPSHOT/spring-boot-actuator-3.2.0-SNAPSHOT.jar:/Users/ayaskang/.m2/repository/com/fasterxml/jackson/core/jackson-databind/2.15.2/jackson-databind-2.15.2.jar:/Users/ayaskang/.m2/repository/com/fasterxml/jackson/core/jackson-annotations/2.15.2/jackson-annotations-2.15.2.jar:/Users/ayaskang/.m2/repository/com/fasterxml/jackson/core/jackson-core/2.15.2/jackson-core-2.15.2.jar:/Users/ayaskang/.m2/repository/com/fasterxml/jackson/datatype/jackson-datatype-jsr310/2.15.2/jackson-datatype-jsr310-2.15.2.jar:/Users/ayaskang/.m2/repository/io/micrometer/micrometer-observation/1.12.0-M2/micrometer-observation-1.12.0-M2.jar:/Users/ayaskang/.m2/repository/io/micrometer/micrometer-commons/1.12.0-M2/micrometer-commons-1.12.0-M2.jar:/Users/ayaskang/.m2/repository/io/micrometer/micrometer-core/1.12.0-M2/micrometer-core-1.12.0-M2.jar:/Users/ayaskang/.m2/repository/org/hdrhistogram/HdrHistogram/2.1.12/HdrHistogram-2.1.12.jar:/Users/ayaskang/.m2/repository/org/latencyutils/LatencyUtils/2.0.3/LatencyUtils-2.0.3.jar:/Users/ayaskang/.m2/repository/org/springframework/boot/spring-boot-starter-test/3.2.0-SNAPSHOT/spring-boot-starter-test-3.2.0-SNAPSHOT.jar:/Users/ayaskang/.m2/repository/org/springframework/boot/spring-boot-test/3.2.0-SNAPSHOT/spring-boot-test-3.2.0-SNAPSHOT.jar:/Users/ayaskang/.m2/repository/org/springframework/boot/spring-boot-test-autoconfigure/3.2.0-SNAPSHOT/spring-boot-test-autoconfigure-3.2.0-SNAPSHOT.jar:/Users/ayaskang/.m2/repository/com/jayway/jsonpath/json-path/2.8.0/json-path-2.8.0.jar:/Users/ayaskang/.m2/repository/org/slf4j/slf4j-api/2.0.7/slf4j-api-2.0.7.jar:/Users/ayaskang/.m2/repository/jakarta/xml/bind/jakarta.xml.bind-api/4.0.0/jakarta.xml.bind-api-4.0.0.jar:/Users/ayaskang/.m2/repository/jakarta/activation/jakarta.activation-api/2.1.2/jakarta.activation-api-2.1.2.jar:/Users/ayaskang/.m2/repository/net/minidev/json-smart/2.5.0/json-smart-2.5.0.jar:/Users/ayaskang/.m2/repository/net/minidev/accessors-smart/2.5.0/accessors-smart-2.5.0.jar:/Users/ayaskang/.m2/repository/org/ow2/asm/asm/9.3/asm-9.3.jar:/Users/ayaskang/.m2/repository/org/assertj/assertj-core/3.24.2/assertj-core-3.24.2.jar:/Users/ayaskang/.m2/repository/net/bytebuddy/byte-buddy/1.14.6/byte-buddy-1.14.6.jar:/Users/ayaskang/.m2/repository/org/hamcrest/hamcrest/2.2/hamcrest-2.2.jar:/Users/ayaskang/.m2/repository/org/junit/jupiter/junit-jupiter/5.10.0/junit-jupiter-5.10.0.jar:/Users/ayaskang/.m2/repository/org/junit/jupiter/junit-jupiter-api/5.10.0/junit-jupiter-api-5.10.0.jar:/Users/ayaskang/.m2/repository/org/opentest4j/opentest4j/1.3.0/opentest4j-1.3.0.jar:/Users/ayaskang/.m2/repository/org/junit/platform/junit-platform-commons/1.10.0/junit-platform-commons-1.10.0.jar:/Users/ayaskang/.m2/repository/org/apiguardian/apiguardian-api/1.1.2/apiguardian-api-1.1.2.jar:/Users/ayaskang/.m2/repository/org/junit/jupiter/junit-jupiter-params/5.10.0/junit-jupiter-params-5.10.0.jar:/Users/ayaskang/.m2/repository/org/junit/jupiter/junit-jupiter-engine/5.10.0/junit-jupiter-engine-5.10.0.jar:/Users/ayaskang/.m2/repository/org/junit/platform/junit-platform-engine/1.10.0/junit-platform-engine-1.10.0.jar:/Users/ayaskang/.m2/repository/org/mockito/mockito-core/5.5.0/mockito-core-5.5.0.jar:/Users/ayaskang/.m2/repository/net/bytebuddy/byte-buddy-agent/1.14.6/byte-buddy-agent-1.14.6.jar:/Users/ayaskang/.m2/repository/org/objenesis/objenesis/3.3/objenesis-3.3.jar:/Users/ayaskang/.m2/repository/org/mockito/mockito-junit-jupiter/5.5.0/mockito-junit-jupiter-5.5.0.jar:/Users/ayaskang/.m2/repository/org/skyscreamer/jsonassert/1.5.1/jsonassert-1.5.1.jar:/Users/ayaskang/.m2/repository/com/vaadin/external/google/android-json/0.0.20131108.vaadin1/android-json-0.0.20131108.vaadin1.jar:/Users/ayaskang/.m2/repository/org/springframework/spring-test/6.1.0-M4/spring-test-6.1.0-M4.jar:/Users/ayaskang/.m2/repository/org/xmlunit/xmlunit-core/2.9.1/xmlunit-core-2.9.1.jar:/Users/ayaskang/.m2/repository/org/springframework/boot/spring-boot-starter-web/3.1.2/spring-boot-starter-web-3.1.2.jar:/Users/ayaskang/.m2/repository/org/springframework/boot/spring-boot-starter-json/3.2.0-SNAPSHOT/spring-boot-starter-json-3.2.0-SNAPSHOT.jar:/Users/ayaskang/.m2/repository/com/fasterxml/jackson/datatype/jackson-datatype-jdk8/2.15.2/jackson-datatype-jdk8-2.15.2.jar:/Users/ayaskang/.m2/repository/com/fasterxml/jackson/module/jackson-module-parameter-names/2.15.2/jackson-module-parameter-names-2.15.2.jar:/Users/ayaskang/.m2/repository/org/springframework/boot/spring-boot-starter-tomcat/3.2.0-SNAPSHOT/spring-boot-starter-tomcat-3.2.0-SNAPSHOT.jar:/Users/ayaskang/.m2/repository/org/apache/tomcat/embed/tomcat-embed-core/10.1.12/tomcat-embed-core-10.1.12.jar:/Users/ayaskang/.m2/repository/org/apache/tomcat/embed/tomcat-embed-el/10.1.12/tomcat-embed-el-10.1.12.jar:/Users/ayaskang/.m2/repository/org/apache/tomcat/embed/tomcat-embed-websocket/10.1.12/tomcat-embed-websocket-10.1.12.jar:/Users/ayaskang/.m2/repository/org/springframework/spring-web/6.1.0-M4/spring-web-6.1.0-M4.jar:/Users/ayaskang/.m2/repository/org/springframework/spring-beans/6.1.0-M4/spring-beans-6.1.0-M4.jar:/Users/ayaskang/.m2/repository/org/springframework/spring-webmvc/6.1.0-M4/spring-webmvc-6.1.0-M4.jar:/Users/ayaskang/.m2/repository/org/springframework/spring-expression/6.1.0-M4/spring-expression-6.1.0-M4.jar:/Users/ayaskang/.m2/repository/org/springframework/boot/spring-boot-starter-security/3.1.2/spring-boot-starter-security-3.1.2.jar:/Users/ayaskang/.m2/repository/org/springframework/spring-aop/6.1.0-M4/spring-aop-6.1.0-M4.jar:/Users/ayaskang/.m2/repository/org/springframework/security/spring-security-config/6.2.0-M2/spring-security-config-6.2.0-M2.jar:/Users/ayaskang/.m2/repository/org/springframework/security/spring-security-web/6.2.0-M2/spring-security-web-6.2.0-M2.jar:/Users/ayaskang/.m2/repository/org/springframework/boot/spring-boot-starter-data-jpa/3.1.2/spring-boot-starter-data-jpa-3.1.2.jar:/Users/ayaskang/.m2/repository/org/springframework/boot/spring-boot-starter-aop/3.2.0-SNAPSHOT/spring-boot-starter-aop-3.2.0-SNAPSHOT.jar:/Users/ayaskang/.m2/repository/org/aspectj/aspectjweaver/1.9.20/aspectjweaver-1.9.20.jar:/Users/ayaskang/.m2/repository/org/springframework/boot/spring-boot-starter-jdbc/3.2.0-SNAPSHOT/spring-boot-starter-jdbc-3.2.0-SNAPSHOT.jar:/Users/ayaskang/.m2/repository/com/zaxxer/HikariCP/5.0.1/HikariCP-5.0.1.jar:/Users/ayaskang/.m2/repository/org/springframework/spring-jdbc/6.1.0-M4/spring-jdbc-6.1.0-M4.jar:/Users/ayaskang/.m2/repository/org/hibernate/orm/hibernate-core/6.2.7.Final/hibernate-core-6.2.7.Final.jar:/Users/ayaskang/.m2/repository/jakarta/persistence/jakarta.persistence-api/3.1.0/jakarta.persistence-api-3.1.0.jar:/Users/ayaskang/.m2/repository/jakarta/transaction/jakarta.transaction-api/2.0.1/jakarta.transaction-api-2.0.1.jar:/Users/ayaskang/.m2/repository/org/jboss/logging/jboss-logging/3.5.3.Final/jboss-logging-3.5.3.Final.jar:/Users/ayaskang/.m2/repository/org/hibernate/common/hibernate-commons-annotations/6.0.6.Final/hibernate-commons-annotations-6.0.6.Final.jar:/Users/ayaskang/.m2/repository/io/smallrye/jandex/3.0.5/jandex-3.0.5.jar:/Users/ayaskang/.m2/repository/com/fasterxml/classmate/1.5.1/classmate-1.5.1.jar:/Users/ayaskang/.m2/repository/org/glassfish/jaxb/jaxb-runtime/4.0.3/jaxb-runtime-4.0.3.jar:/Users/ayaskang/.m2/repository/org/glassfish/jaxb/jaxb-core/4.0.3/jaxb-core-4.0.3.jar:/Users/ayaskang/.m2/repository/org/eclipse/angus/angus-activation/2.0.1/angus-activation-2.0.1.jar:/Users/ayaskang/.m2/repository/org/glassfish/jaxb/txw2/4.0.3/txw2-4.0.3.jar:/Users/ayaskang/.m2/repository/com/sun/istack/istack-commons-runtime/4.1.2/istack-commons-runtime-4.1.2.jar:/Users/ayaskang/.m2/repository/jakarta/inject/jakarta.inject-api/2.0.1/jakarta.inject-api-2.0.1.jar:/Users/ayaskang/.m2/repository/org/antlr/antlr4-runtime/4.10.1/antlr4-runtime-4.10.1.jar:/Users/ayaskang/.m2/repository/org/springframework/data/spring-data-jpa/3.2.0-M2/spring-data-jpa-3.2.0-M2.jar:/Users/ayaskang/.m2/repository/org/springframework/data/spring-data-commons/3.2.0-M2/spring-data-commons-3.2.0-M2.jar:/Users/ayaskang/.m2/repository/org/springframework/spring-orm/6.1.0-M4/spring-orm-6.1.0-M4.jar:/Users/ayaskang/.m2/repository/org/springframework/spring-tx/6.1.0-M4/spring-tx-6.1.0-M4.jar:/Users/ayaskang/.m2/repository/org/springframework/spring-aspects/6.1.0-M4/spring-aspects-6.1.0-M4.jar:/Users/ayaskang/.m2/repository/org/springframework/security/spring-security-test/6.1.3/spring-security-test-6.1.3.jar:/Users/ayaskang/.m2/repository/org/springframework/security/spring-security-core/6.2.0-M2/spring-security-core-6.2.0-M2.jar:/Users/ayaskang/.m2/repository/org/springframework/security/spring-security-crypto/6.2.0-M2/spring-security-crypto-6.2.0-M2.jar:/Users/ayaskang/.m2/repository/org/projectlombok/lombok/1.18.28/lombok-1.18.28.jar:/Users/ayaskang/.m2/repository/com/mysql/mysql-connector-j/8.1.0/mysql-connector-j-8.1.0.jar:"/>
    <property name="java.vm.vendor" value="Oracle Corporation"/>
    <property name="sun.arch.data.model" value="64"/>
    <property name="java.vendor.url" value="https://java.oracle.com/"/>
    <property name="user.timezone" value="Asia/Kolkata"/>
    <property name="org.jboss.logging.provider" value="slf4j"/>
    <property name="os.name" value="Mac OS X"/>
    <property name="java.vm.specification.version" value="17"/>
    <property name="sun.java.launcher" value="SUN_STANDARD"/>
    <property name="user.country" value="US"/>
    <property name="sun.boot.library.path" value="/Library/Java/JavaVirtualMachines/jdk-17.jdk/Contents/Home/lib"/>
    <property name="sun.java.command" value="/Users/ayaskang/Documents/Spring_Boot_Workspace/online_nurse_appointment_system/target/surefire/surefirebooter-20230827131024519_3.jar /Users/ayaskang/Documents/Spring_Boot_Workspace/online_nurse_appointment_system/target/surefire 2023-08-27T13-10-24_468-jvmRun1 surefire-20230827131024519_1tmp surefire_0-20230827131024519_2tmp"/>
    <property name="jdk.debug" value="release"/>
    <property name="surefire.test.class.path" value="/Users/ayaskang/Documents/Spring_Boot_Workspace/online_nurse_appointment_system/target/test-classes:/Users/ayaskang/Documents/Spring_Boot_Workspace/online_nurse_appointment_system/target/classes:/Users/ayaskang/.m2/repository/org/springframework/boot/spring-boot-starter/3.2.0-SNAPSHOT/spring-boot-starter-3.2.0-SNAPSHOT.jar:/Users/ayaskang/.m2/repository/org/springframework/boot/spring-boot/3.2.0-SNAPSHOT/spring-boot-3.2.0-SNAPSHOT.jar:/Users/ayaskang/.m2/repository/org/springframework/spring-context/6.1.0-M4/spring-context-6.1.0-M4.jar:/Users/ayaskang/.m2/repository/org/springframework/boot/spring-boot-autoconfigure/3.2.0-SNAPSHOT/spring-boot-autoconfigure-3.2.0-SNAPSHOT.jar:/Users/ayaskang/.m2/repository/org/springframework/boot/spring-boot-starter-logging/3.2.0-SNAPSHOT/spring-boot-starter-logging-3.2.0-SNAPSHOT.jar:/Users/ayaskang/.m2/repository/ch/qos/logback/logback-classic/1.4.11/logback-classic-1.4.11.jar:/Users/ayaskang/.m2/repository/ch/qos/logback/logback-core/1.4.11/logback-core-1.4.11.jar:/Users/ayaskang/.m2/repository/org/apache/logging/log4j/log4j-to-slf4j/2.20.0/log4j-to-slf4j-2.20.0.jar:/Users/ayaskang/.m2/repository/org/apache/logging/log4j/log4j-api/2.20.0/log4j-api-2.20.0.jar:/Users/ayaskang/.m2/repository/org/slf4j/jul-to-slf4j/2.0.7/jul-to-slf4j-2.0.7.jar:/Users/ayaskang/.m2/repository/jakarta/annotation/jakarta.annotation-api/2.1.1/jakarta.annotation-api-2.1.1.jar:/Users/ayaskang/.m2/repository/org/springframework/spring-core/6.1.0-M4/spring-core-6.1.0-M4.jar:/Users/ayaskang/.m2/repository/org/springframework/spring-jcl/6.1.0-M4/spring-jcl-6.1.0-M4.jar:/Users/ayaskang/.m2/repository/org/yaml/snakeyaml/2.1/snakeyaml-2.1.jar:/Users/ayaskang/.m2/repository/org/springframework/boot/spring-boot-starter-actuator/3.2.0-SNAPSHOT/spring-boot-starter-actuator-3.2.0-SNAPSHOT.jar:/Users/ayaskang/.m2/repository/org/springframework/boot/spring-boot-actuator-autoconfigure/3.2.0-SNAPSHOT/spring-boot-actuator-autoconfigure-3.2.0-SNAPSHOT.jar:/Users/ayaskang/.m2/repository/org/springframework/boot/spring-boot-actuator/3.2.0-SNAPSHOT/spring-boot-actuator-3.2.0-SNAPSHOT.jar:/Users/ayaskang/.m2/repository/com/fasterxml/jackson/core/jackson-databind/2.15.2/jackson-databind-2.15.2.jar:/Users/ayaskang/.m2/repository/com/fasterxml/jackson/core/jackson-annotations/2.15.2/jackson-annotations-2.15.2.jar:/Users/ayaskang/.m2/repository/com/fasterxml/jackson/core/jackson-core/2.15.2/jackson-core-2.15.2.jar:/Users/ayaskang/.m2/repository/com/fasterxml/jackson/datatype/jackson-datatype-jsr310/2.15.2/jackson-datatype-jsr310-2.15.2.jar:/Users/ayaskang/.m2/repository/io/micrometer/micrometer-observation/1.12.0-M2/micrometer-observation-1.12.0-M2.jar:/Users/ayaskang/.m2/repository/io/micrometer/micrometer-commons/1.12.0-M2/micrometer-commons-1.12.0-M2.jar:/Users/ayaskang/.m2/repository/io/micrometer/micrometer-core/1.12.0-M2/micrometer-core-1.12.0-M2.jar:/Users/ayaskang/.m2/repository/org/hdrhistogram/HdrHistogram/2.1.12/HdrHistogram-2.1.12.jar:/Users/ayaskang/.m2/repository/org/latencyutils/LatencyUtils/2.0.3/LatencyUtils-2.0.3.jar:/Users/ayaskang/.m2/repository/org/springframework/boot/spring-boot-starter-test/3.2.0-SNAPSHOT/spring-boot-starter-test-3.2.0-SNAPSHOT.jar:/Users/ayaskang/.m2/repository/org/springframework/boot/spring-boot-test/3.2.0-SNAPSHOT/spring-boot-test-3.2.0-SNAPSHOT.jar:/Users/ayaskang/.m2/repository/org/springframework/boot/spring-boot-test-autoconfigure/3.2.0-SNAPSHOT/spring-boot-test-autoconfigure-3.2.0-SNAPSHOT.jar:/Users/ayaskang/.m2/repository/com/jayway/jsonpath/json-path/2.8.0/json-path-2.8.0.jar:/Users/ayaskang/.m2/repository/org/slf4j/slf4j-api/2.0.7/slf4j-api-2.0.7.jar:/Users/ayaskang/.m2/repository/jakarta/xml/bind/jakarta.xml.bind-api/4.0.0/jakarta.xml.bind-api-4.0.0.jar:/Users/ayaskang/.m2/repository/jakarta/activation/jakarta.activation-api/2.1.2/jakarta.activation-api-2.1.2.jar:/Users/ayaskang/.m2/repository/net/minidev/json-smart/2.5.0/json-smart-2.5.0.jar:/Users/ayaskang/.m2/repository/net/minidev/accessors-smart/2.5.0/accessors-smart-2.5.0.jar:/Users/ayaskang/.m2/repository/org/ow2/asm/asm/9.3/asm-9.3.jar:/Users/ayaskang/.m2/repository/org/assertj/assertj-core/3.24.2/assertj-core-3.24.2.jar:/Users/ayaskang/.m2/repository/net/bytebuddy/byte-buddy/1.14.6/byte-buddy-1.14.6.jar:/Users/ayaskang/.m2/repository/org/hamcrest/hamcrest/2.2/hamcrest-2.2.jar:/Users/ayaskang/.m2/repository/org/junit/jupiter/junit-jupiter/5.10.0/junit-jupiter-5.10.0.jar:/Users/ayaskang/.m2/repository/org/junit/jupiter/junit-jupiter-api/5.10.0/junit-jupiter-api-5.10.0.jar:/Users/ayaskang/.m2/repository/org/opentest4j/opentest4j/1.3.0/opentest4j-1.3.0.jar:/Users/ayaskang/.m2/repository/org/junit/platform/junit-platform-commons/1.10.0/junit-platform-commons-1.10.0.jar:/Users/ayaskang/.m2/repository/org/apiguardian/apiguardian-api/1.1.2/apiguardian-api-1.1.2.jar:/Users/ayaskang/.m2/repository/org/junit/jupiter/junit-jupiter-params/5.10.0/junit-jupiter-params-5.10.0.jar:/Users/ayaskang/.m2/repository/org/junit/jupiter/junit-jupiter-engine/5.10.0/junit-jupiter-engine-5.10.0.jar:/Users/ayaskang/.m2/repository/org/junit/platform/junit-platform-engine/1.10.0/junit-platform-engine-1.10.0.jar:/Users/ayaskang/.m2/repository/org/mockito/mockito-core/5.5.0/mockito-core-5.5.0.jar:/Users/ayaskang/.m2/repository/net/bytebuddy/byte-buddy-agent/1.14.6/byte-buddy-agent-1.14.6.jar:/Users/ayaskang/.m2/repository/org/objenesis/objenesis/3.3/objenesis-3.3.jar:/Users/ayaskang/.m2/repository/org/mockito/mockito-junit-jupiter/5.5.0/mockito-junit-jupiter-5.5.0.jar:/Users/ayaskang/.m2/repository/org/skyscreamer/jsonassert/1.5.1/jsonassert-1.5.1.jar:/Users/ayaskang/.m2/repository/com/vaadin/external/google/android-json/0.0.20131108.vaadin1/android-json-0.0.20131108.vaadin1.jar:/Users/ayaskang/.m2/repository/org/springframework/spring-test/6.1.0-M4/spring-test-6.1.0-M4.jar:/Users/ayaskang/.m2/repository/org/xmlunit/xmlunit-core/2.9.1/xmlunit-core-2.9.1.jar:/Users/ayaskang/.m2/repository/org/springframework/boot/spring-boot-starter-web/3.1.2/spring-boot-starter-web-3.1.2.jar:/Users/ayaskang/.m2/repository/org/springframework/boot/spring-boot-starter-json/3.2.0-SNAPSHOT/spring-boot-starter-json-3.2.0-SNAPSHOT.jar:/Users/ayaskang/.m2/repository/com/fasterxml/jackson/datatype/jackson-datatype-jdk8/2.15.2/jackson-datatype-jdk8-2.15.2.jar:/Users/ayaskang/.m2/repository/com/fasterxml/jackson/module/jackson-module-parameter-names/2.15.2/jackson-module-parameter-names-2.15.2.jar:/Users/ayaskang/.m2/repository/org/springframework/boot/spring-boot-starter-tomcat/3.2.0-SNAPSHOT/spring-boot-starter-tomcat-3.2.0-SNAPSHOT.jar:/Users/ayaskang/.m2/repository/org/apache/tomcat/embed/tomcat-embed-core/10.1.12/tomcat-embed-core-10.1.12.jar:/Users/ayaskang/.m2/repository/org/apache/tomcat/embed/tomcat-embed-el/10.1.12/tomcat-embed-el-10.1.12.jar:/Users/ayaskang/.m2/repository/org/apache/tomcat/embed/tomcat-embed-websocket/10.1.12/tomcat-embed-websocket-10.1.12.jar:/Users/ayaskang/.m2/repository/org/springframework/spring-web/6.1.0-M4/spring-web-6.1.0-M4.jar:/Users/ayaskang/.m2/repository/org/springframework/spring-beans/6.1.0-M4/spring-beans-6.1.0-M4.jar:/Users/ayaskang/.m2/repository/org/springframework/spring-webmvc/6.1.0-M4/spring-webmvc-6.1.0-M4.jar:/Users/ayaskang/.m2/repository/org/springframework/spring-expression/6.1.0-M4/spring-expression-6.1.0-M4.jar:/Users/ayaskang/.m2/repository/org/springframework/boot/spring-boot-starter-security/3.1.2/spring-boot-starter-security-3.1.2.jar:/Users/ayaskang/.m2/repository/org/springframework/spring-aop/6.1.0-M4/spring-aop-6.1.0-M4.jar:/Users/ayaskang/.m2/repository/org/springframework/security/spring-security-config/6.2.0-M2/spring-security-config-6.2.0-M2.jar:/Users/ayaskang/.m2/repository/org/springframework/security/spring-security-web/6.2.0-M2/spring-security-web-6.2.0-M2.jar:/Users/ayaskang/.m2/repository/org/springframework/boot/spring-boot-starter-data-jpa/3.1.2/spring-boot-starter-data-jpa-3.1.2.jar:/Users/ayaskang/.m2/repository/org/springframework/boot/spring-boot-starter-aop/3.2.0-SNAPSHOT/spring-boot-starter-aop-3.2.0-SNAPSHOT.jar:/Users/ayaskang/.m2/repository/org/aspectj/aspectjweaver/1.9.20/aspectjweaver-1.9.20.jar:/Users/ayaskang/.m2/repository/org/springframework/boot/spring-boot-starter-jdbc/3.2.0-SNAPSHOT/spring-boot-starter-jdbc-3.2.0-SNAPSHOT.jar:/Users/ayaskang/.m2/repository/com/zaxxer/HikariCP/5.0.1/HikariCP-5.0.1.jar:/Users/ayaskang/.m2/repository/org/springframework/spring-jdbc/6.1.0-M4/spring-jdbc-6.1.0-M4.jar:/Users/ayaskang/.m2/repository/org/hibernate/orm/hibernate-core/6.2.7.Final/hibernate-core-6.2.7.Final.jar:/Users/ayaskang/.m2/repository/jakarta/persistence/jakarta.persistence-api/3.1.0/jakarta.persistence-api-3.1.0.jar:/Users/ayaskang/.m2/repository/jakarta/transaction/jakarta.transaction-api/2.0.1/jakarta.transaction-api-2.0.1.jar:/Users/ayaskang/.m2/repository/org/jboss/logging/jboss-logging/3.5.3.Final/jboss-logging-3.5.3.Final.jar:/Users/ayaskang/.m2/repository/org/hibernate/common/hibernate-commons-annotations/6.0.6.Final/hibernate-commons-annotations-6.0.6.Final.jar:/Users/ayaskang/.m2/repository/io/smallrye/jandex/3.0.5/jandex-3.0.5.jar:/Users/ayaskang/.m2/repository/com/fasterxml/classmate/1.5.1/classmate-1.5.1.jar:/Users/ayaskang/.m2/repository/org/glassfish/jaxb/jaxb-runtime/4.0.3/jaxb-runtime-4.0.3.jar:/Users/ayaskang/.m2/repository/org/glassfish/jaxb/jaxb-core/4.0.3/jaxb-core-4.0.3.jar:/Users/ayaskang/.m2/repository/org/eclipse/angus/angus-activation/2.0.1/angus-activation-2.0.1.jar:/Users/ayaskang/.m2/repository/org/glassfish/jaxb/txw2/4.0.3/txw2-4.0.3.jar:/Users/ayaskang/.m2/repository/com/sun/istack/istack-commons-runtime/4.1.2/istack-commons-runtime-4.1.2.jar:/Users/ayaskang/.m2/repository/jakarta/inject/jakarta.inject-api/2.0.1/jakarta.inject-api-2.0.1.jar:/Users/ayaskang/.m2/repository/org/antlr/antlr4-runtime/4.10.1/antlr4-runtime-4.10.1.jar:/Users/ayaskang/.m2/repository/org/springframework/data/spring-data-jpa/3.2.0-M2/spring-data-jpa-3.2.0-M2.jar:/Users/ayaskang/.m2/repository/org/springframework/data/spring-data-commons/3.2.0-M2/spring-data-commons-3.2.0-M2.jar:/Users/ayaskang/.m2/repository/org/springframework/spring-orm/6.1.0-M4/spring-orm-6.1.0-M4.jar:/Users/ayaskang/.m2/repository/org/springframework/spring-tx/6.1.0-M4/spring-tx-6.1.0-M4.jar:/Users/ayaskang/.m2/repository/org/springframework/spring-aspects/6.1.0-M4/spring-aspects-6.1.0-M4.jar:/Users/ayaskang/.m2/repository/org/springframework/security/spring-security-test/6.1.3/spring-security-test-6.1.3.jar:/Users/ayaskang/.m2/repository/org/springframework/security/spring-security-core/6.2.0-M2/spring-security-core-6.2.0-M2.jar:/Users/ayaskang/.m2/repository/org/springframework/security/spring-security-crypto/6.2.0-M2/spring-security-crypto-6.2.0-M2.jar:/Users/ayaskang/.m2/repository/org/projectlombok/lombok/1.18.28/lombok-1.18.28.jar:/Users/ayaskang/.m2/repository/com/mysql/mysql-connector-j/8.1.0/mysql-connector-j-8.1.0.jar:"/>
    <property name="sun.cpu.endian" value="little"/>
    <property name="user.home" value="/Users/ayaskang"/>
    <property name="user.language" value="en"/>
    <property name="java.specification.vendor" value="Oracle Corporation"/>
    <property name="java.version.date" value="2023-07-18"/>
    <property name="java.home" value="/Library/Java/JavaVirtualMachines/jdk-17.jdk/Contents/Home"/>
    <property name="file.separator" value="/"/>
    <property name="basedir" value="/Users/ayaskang/Documents/Spring_Boot_Workspace/online_nurse_appointment_system"/>
    <property name="java.vm.compressedOopsMode" value="Zero based"/>
    <property name="line.separator" value="&#10;"/>
    <property name="java.specification.name" value="Java Platform API Specification"/>
    <property name="java.vm.specification.vendor" value="Oracle Corporation"/>
    <property name="FILE_LOG_CHARSET" value="UTF-8"/>
    <property name="java.awt.headless" value="true"/>
    <property name="surefire.real.class.path" value="/Users/ayaskang/Documents/Spring_Boot_Workspace/online_nurse_appointment_system/target/surefire/surefirebooter-20230827131024519_3.jar"/>
    <property name="sun.management.compiler" value="HotSpot 64-Bit Tiered Compilers"/>
    <property name="java.runtime.version" value="17.0.8+9-LTS-211"/>
    <property name="user.name" value="ayaskang"/>
    <property name="path.separator" value=":"/>
    <property name="os.version" value="12.3"/>
    <property name="java.runtime.name" value="Java(TM) SE Runtime Environment"/>
    <property name="file.encoding" value="UTF-8"/>
    <property name="java.vm.name" value="Java HotSpot(TM) 64-Bit Server VM"/>
    <property name="localRepository" value="/Users/ayaskang/.m2/repository"/>
    <property name="java.vendor.url.bug" value="https://bugreport.java.com/bugreport/"/>
    <property name="java.io.tmpdir" value="/var/folders/0q/4svy6qf960ddz31yfg6s6y0h2wl7gr/T/"/>
    <property name="com.zaxxer.hikari.pool_number" value="1"/>
    <property name="java.version" value="17.0.8"/>
    <property name="user.dir" value="/Users/ayaskang/Documents/Spring_Boot_Workspace/online_nurse_appointment_system"/>
    <property name="os.arch" value="aarch64"/>
    <property name="java.vm.specification.name" value="Java Virtual Machine Specification"/>
    <property name="PID" value="50573"/>
    <property name="CONSOLE_LOG_CHARSET" value="UTF-8"/>
    <property name="native.encoding" value="UTF-8"/>
    <property name="java.library.path" value="/Users/ayaskang/Library/Java/Extensions:/Library/Java/Extensions:/Network/Library/Java/Extensions:/System/Library/Java/Extensions:/usr/lib/java:."/>
    <property name="java.vm.info" value="mixed mode, sharing"/>
    <property name="java.vendor" value="Oracle Corporation"/>
    <property name="java.vm.version" value="17.0.8+9-LTS-211"/>
    <property name="sun.io.unicode.encoding" value="UnicodeBig"/>
    <property name="java.class.version" value="61.0"/>
  </properties>
  <testcase name="customerRepositorySaveIncrementCustomerID" classname="com.ayash7.online_nurse_appointment_system.Repository.CustomerRepositoryTests" time="0.405">
    <system-out><![CDATA[13:10:25.075 [main] INFO org.springframework.test.context.support.AnnotationConfigContextLoaderUtils -- Could not detect default configuration classes for test class [com.ayash7.online_nurse_appointment_system.Repository.CustomerRepositoryTests]: CustomerRepositoryTests does not declare any static, non-private, non-final, nested classes annotated with @Configuration.
13:10:25.131 [main] INFO org.springframework.boot.test.context.SpringBootTestContextBootstrapper -- Found @SpringBootConfiguration com.ayash7.online_nurse_appointment_system.OnlineNurseAppointmentSystemApplication for test class com.ayash7.online_nurse_appointment_system.Repository.CustomerRepositoryTests

  .   ____          _            __ _ _
 /\\ / ___'_ __ _ _(_)_ __  __ _ \ \ \ \
( ( )\___ | '_ | '_| | '_ \/ _` | \ \ \ \
 \\/  ___)| |_)| | | | | || (_| |  ) ) ) )
  '  |____| .__|_| |_|_| |_\__, | / / / /
 =========|_|==============|___/=/_/_/_/
 :: Spring Boot ::       (v3.2.0-SNAPSHOT)

2023-08-27T13:10:25.328+05:30  INFO 50573 --- [           main] c.a.o.R.CustomerRepositoryTests          : Starting CustomerRepositoryTests using Java 17.0.8 with PID 50573 (started by ayaskang in /Users/ayaskang/Documents/Spring_Boot_Workspace/online_nurse_appointment_system)
2023-08-27T13:10:25.330+05:30  INFO 50573 --- [           main] c.a.o.R.CustomerRepositoryTests          : No active profile set, falling back to 1 default profile: "default"
2023-08-27T13:10:25.934+05:30  INFO 50573 --- [           main] .s.d.r.c.RepositoryConfigurationDelegate : Bootstrapping Spring Data JPA repositories in DEFAULT mode.
2023-08-27T13:10:25.977+05:30  INFO 50573 --- [           main] .s.d.r.c.RepositoryConfigurationDelegate : Finished Spring Data repository scanning in 38 ms. Found 5 JPA repository interfaces.
2023-08-27T13:10:26.354+05:30  INFO 50573 --- [           main] o.hibernate.jpa.internal.util.LogHelper  : HHH000204: Processing PersistenceUnitInfo [name: default]
2023-08-27T13:10:26.376+05:30  INFO 50573 --- [           main] org.hibernate.Version                    : HHH000412: Hibernate ORM core version 6.2.7.Final
2023-08-27T13:10:26.377+05:30  INFO 50573 --- [           main] org.hibernate.cfg.Environment            : HHH000406: Using bytecode reflection optimizer
2023-08-27T13:10:26.450+05:30  INFO 50573 --- [           main] o.h.b.i.BytecodeProviderInitiator        : HHH000021: Bytecode provider name : bytebuddy
2023-08-27T13:10:26.516+05:30  INFO 50573 --- [           main] o.s.o.j.p.SpringPersistenceUnitInfo      : No LoadTimeWeaver setup: ignoring JPA class transformer
2023-08-27T13:10:26.526+05:30  INFO 50573 --- [           main] com.zaxxer.hikari.HikariDataSource       : HikariPool-1 - Starting...
2023-08-27T13:10:26.725+05:30  INFO 50573 --- [           main] com.zaxxer.hikari.pool.HikariPool        : HikariPool-1 - Added connection com.mysql.cj.jdbc.ConnectionImpl@aedc426
2023-08-27T13:10:26.726+05:30  INFO 50573 --- [           main] com.zaxxer.hikari.HikariDataSource       : HikariPool-1 - Start completed.
2023-08-27T13:10:26.863+05:30  INFO 50573 --- [           main] o.h.b.i.BytecodeProviderInitiator        : HHH000021: Bytecode provider name : bytebuddy
2023-08-27T13:10:27.201+05:30  INFO 50573 --- [           main] o.h.e.t.j.p.i.JtaPlatformInitiator       : HHH000490: Using JtaPlatform implementation: [org.hibernate.engine.transaction.jta.platform.internal.NoJtaPlatform]
2023-08-27T13:10:27.279+05:30  INFO 50573 --- [           main] j.LocalContainerEntityManagerFactoryBean : Initialized JPA EntityManagerFactory for persistence unit 'default'
2023-08-27T13:10:27.610+05:30  WARN 50573 --- [           main] JpaBaseConfiguration$JpaWebConfiguration : spring.jpa.open-in-view is enabled by default. Therefore, database queries may be performed during view rendering. Explicitly configure spring.jpa.open-in-view to disable this warning
2023-08-27T13:10:27.917+05:30  INFO 50573 --- [           main] o.s.b.a.e.web.EndpointLinksResolver      : Exposing 1 endpoint(s) beneath base path '/actuator'
2023-08-27T13:10:27.930+05:30  INFO 50573 --- [           main] o.s.s.web.DefaultSecurityFilterChain     : Will secure any request with [org.springframework.security.web.session.DisableEncodeUrlFilter@28d74041, org.springframework.security.web.context.request.async.WebAsyncManagerIntegrationFilter@5702232d, org.springframework.security.web.context.SecurityContextHolderFilter@59e67a18, org.springframework.security.web.header.HeaderWriterFilter@701996e9, org.springframework.web.filter.CorsFilter@5cbf9aee, org.springframework.security.web.authentication.logout.LogoutFilter@5fdcc63f, org.springframework.security.web.authentication.www.BasicAuthenticationFilter@6e2764c9, org.springframework.security.web.savedrequest.RequestCacheAwareFilter@2a1be9f8, org.springframework.security.web.servletapi.SecurityContextHolderAwareRequestFilter@1d7f2719, org.springframework.security.web.authentication.AnonymousAuthenticationFilter@35920655, org.springframework.security.web.access.ExceptionTranslationFilter@253379ec, org.springframework.security.web.access.intercept.AuthorizationFilter@66c9aca2]
2023-08-27T13:10:27.934+05:30  WARN 50573 --- [           main] o.s.s.c.a.web.builders.WebSecurity       : You are asking Spring Security to ignore Ant [pattern='/api/customer/register']. This is not recommended -- please use permitAll via HttpSecurity#authorizeHttpRequests instead.
2023-08-27T13:10:27.934+05:30  INFO 50573 --- [           main] o.s.s.web.DefaultSecurityFilterChain     : Will not secure Ant [pattern='/api/customer/register']
2023-08-27T13:10:27.934+05:30  WARN 50573 --- [           main] o.s.s.c.a.web.builders.WebSecurity       : You are asking Spring Security to ignore Ant [pattern='/api/nurse/register']. This is not recommended -- please use permitAll via HttpSecurity#authorizeHttpRequests instead.
2023-08-27T13:10:27.934+05:30  INFO 50573 --- [           main] o.s.s.web.DefaultSecurityFilterChain     : Will not secure Ant [pattern='/api/nurse/register']
2023-08-27T13:10:27.934+05:30  WARN 50573 --- [           main] o.s.s.c.a.web.builders.WebSecurity       : You are asking Spring Security to ignore Ant [pattern='/error']. This is not recommended -- please use permitAll via HttpSecurity#authorizeHttpRequests instead.
2023-08-27T13:10:27.934+05:30  INFO 50573 --- [           main] o.s.s.web.DefaultSecurityFilterChain     : Will not secure Ant [pattern='/error']
2023-08-27T13:10:28.199+05:30  INFO 50573 --- [           main] c.a.o.R.CustomerRepositoryTests          : Started CustomerRepositoryTests in 3.005 seconds (process running for 3.588)
]]></system-out>
  </testcase>
  <testcase name="customerRepositorySaveReturnSavedCustomer" classname="com.ayash7.online_nurse_appointment_system.Repository.CustomerRepositoryTests" time="0.01"/>
</testsuite>